\BOOKMARK [1][-]{section.1}{\376\377\000I\000n\000t\000r\000o\000d\000u\000c\000c\000i\000\363\000n}{}% 1
\BOOKMARK [1][-]{section.2}{\376\377\000F\000l\000u\000j\000o\000\040\000d\000e\000l\000\040\000P\000r\000o\000c\000e\000s\000a\000d\000o\000r}{}% 2
\BOOKMARK [1][-]{section.3}{\376\377\000C\000o\000m\000p\000o\000n\000e\000n\000t\000e\000s}{}% 3
\BOOKMARK [2][-]{subsection.3.1}{\376\377\000P\000r\000o\000g\000r\000a\000m\000\040\000C\000o\000u\000n\000t\000e\000r\000\050\000P\000C\000\051}{section.3}% 4
\BOOKMARK [3][-]{subsubsection.3.1.1}{\376\377\000E\000n\000t\000r\000a\000d\000a\000s}{subsection.3.1}% 5
\BOOKMARK [3][-]{subsubsection.3.1.2}{\376\377\000S\000a\000l\000i\000d\000a\000s}{subsection.3.1}% 6
\BOOKMARK [2][-]{subsection.3.2}{\376\377\000B\000r\000a\000n\000c\000h\000\040\000C\000o\000n\000t\000r\000o\000l\000\040\000U\000n\000i\000t\000\040\000\050\000B\000C\000U\000\051}{section.3}% 7
\BOOKMARK [3][-]{subsubsection.3.2.1}{\376\377\000E\000n\000t\000r\000a\000d\000a\000s}{subsection.3.2}% 8
\BOOKMARK [3][-]{subsubsection.3.2.2}{\376\377\000S\000a\000l\000i\000d\000a\000s}{subsection.3.2}% 9
\BOOKMARK [2][-]{subsection.3.3}{\376\377\000I\000n\000s\000t\000r\000u\000c\000t\000i\000o\000n\000\040\000F\000e\000t\000c\000h\000e\000r\000\040\000\050\000I\000F\000\051}{section.3}% 10
\BOOKMARK [3][-]{subsubsection.3.3.1}{\376\377\000E\000n\000t\000r\000a\000d\000a\000s}{subsection.3.3}% 11
\BOOKMARK [3][-]{subsubsection.3.3.2}{\376\377\000S\000a\000l\000i\000d\000a\000s}{subsection.3.3}% 12
\BOOKMARK [2][-]{subsection.3.4}{\376\377\000I\000n\000s\000t\000r\000c\000t\000i\000o\000n\000\040\000D\000e\000c\000o\000d\000e\000r\000\040\000\050\000I\000D\000\051}{section.3}% 13
\BOOKMARK [3][-]{subsubsection.3.4.1}{\376\377\000E\000n\000t\000r\000a\000d\000a\000s}{subsection.3.4}% 14
\BOOKMARK [3][-]{subsubsection.3.4.2}{\376\377\000S\000a\000l\000i\000d\000a\000s}{subsection.3.4}% 15
\BOOKMARK [2][-]{subsection.3.5}{\376\377\000C\000o\000n\000t\000r\000o\000l\000\040\000U\000n\000i\000t}{section.3}% 16
\BOOKMARK [3][-]{subsubsection.3.5.1}{\376\377\000E\000n\000t\000r\000a\000d\000a\000s}{subsection.3.5}% 17
\BOOKMARK [3][-]{subsubsection.3.5.2}{\376\377\000S\000a\000l\000i\000d\000a\000s}{subsection.3.5}% 18
\BOOKMARK [2][-]{subsection.3.6}{\376\377\000R\000e\000g\000i\000s\000t\000e\000r\000\040\000F\000i\000l\000e\000\050\000R\000F\000\051}{section.3}% 19
\BOOKMARK [3][-]{subsubsection.3.6.1}{\376\377\000E\000n\000t\000r\000a\000d\000a\000s}{subsection.3.6}% 20
\BOOKMARK [3][-]{subsubsection.3.6.2}{\376\377\000S\000a\000l\000i\000d\000a\000s}{subsection.3.6}% 21
\BOOKMARK [2][-]{subsection.3.7}{\376\377\000A\000r\000i\000t\000h\000m\000e\000t\000i\000c\000\040\000L\000o\000g\000i\000c\000\040\000U\000n\000i\000t\000\050\000A\000L\000U\000\051}{section.3}% 22
\BOOKMARK [3][-]{subsubsection.3.7.1}{\376\377\000E\000n\000t\000r\000a\000d\000a\000s}{subsection.3.7}% 23
\BOOKMARK [3][-]{subsubsection.3.7.2}{\376\377\000S\000a\000l\000i\000d\000a\000s}{subsection.3.7}% 24
\BOOKMARK [2][-]{subsection.3.8}{\376\377\000C\000a\000c\000h\000e}{section.3}% 25
\BOOKMARK [3][-]{subsubsection.3.8.1}{\376\377\000C\000a\000c\000h\000e\000\040\000I\000n\000s\000t\000r}{subsection.3.8}% 26
\BOOKMARK [3][-]{subsubsection.3.8.2}{\376\377\000C\000a\000c\000h\000e\000\040\000D\000a\000t\000a}{subsection.3.8}% 27
\BOOKMARK [3][-]{subsubsection.3.8.3}{\376\377\000E\000n\000t\000r\000a\000d\000a\000s}{subsection.3.8}% 28
\BOOKMARK [3][-]{subsubsection.3.8.4}{\376\377\000S\000a\000l\000i\000d\000a\000s}{subsection.3.8}% 29
\BOOKMARK [1][-]{section.4}{\376\377\000C\000o\000n\000c\000l\000u\000s\000i\000o\000n\000e\000s}{}% 30
\BOOKMARK [1][-]{section.5}{\376\377\000b\000i\000l\000i\000o\000g\000r\000a\000f\000\355\000a}{}% 31
